[debug] [2025-06-27T08:43:37.329Z] ----------------------------------------------------------------------
[debug] [2025-06-27T08:43:37.334Z] Command:       C:\Program Files\nodejs\node.exe C:\Users\garra\AppData\Roaming\npm\node_modules\firebase-tools\lib\bin\firebase.js init
[debug] [2025-06-27T08:43:37.334Z] CLI Version:   14.8.0
[debug] [2025-06-27T08:43:37.334Z] Platform:      win32
[debug] [2025-06-27T08:43:37.335Z] Node Version:  v22.16.0
[debug] [2025-06-27T08:43:37.335Z] Time:          Fri Jun 27 2025 16:43:37 GMT+0800 (台北標準時間)
[debug] [2025-06-27T08:43:37.335Z] ----------------------------------------------------------------------
[debug] 
[debug] [2025-06-27T08:43:37.339Z] >>> [apiv2][query] GET https://firebase-public.firebaseio.com/cli.json [none]
[debug] [2025-06-27T08:43:37.397Z] > command requires scopes: ["email","openid","https://www.googleapis.com/auth/cloudplatformprojects.readonly","https://www.googleapis.com/auth/firebase","https://www.googleapis.com/auth/cloud-platform"]
[debug] [2025-06-27T08:43:37.397Z] > authorizing via signed-in user (garraypierce@gmail.com)
[info] 
     ######## #### ########  ######## ########     ###     ######  ########
     ##        ##  ##     ## ##       ##     ##  ##   ##  ##       ##
     ######    ##  ########  ######   ########  #########  ######  ######
     ##        ##  ##    ##  ##       ##     ## ##     ##       ## ##
     ##       #### ##     ## ######## ########  ##     ##  ######  ########

You're about to initialize a Firebase project in this directory:

  C:\Users\garra\Desktop\slideshow-app

[debug] [2025-06-27T08:43:37.776Z] <<< [apiv2][status] GET https://firebase-public.firebaseio.com/cli.json 200
[debug] [2025-06-27T08:43:37.777Z] <<< [apiv2][body] GET https://firebase-public.firebaseio.com/cli.json {"cloudBuildErrorAfter":1594252800000,"cloudBuildWarnAfter":1590019200000,"defaultNode10After":1594252800000,"minVersion":"3.0.5","node8DeploysDisabledAfter":1613390400000,"node8RuntimeDisabledAfter":1615809600000,"node8WarnAfter":1600128000000}
